# JRE version: Java(TM) SE Runtime Environment (8.0_101-b13) (build 1.8.0_101-b13)
# Java VM: Java HotSpot(TM) Server VM (25.101-b13 mixed mode linux-x86 )
Heap:
 PSYoungGen      total 66048K, used 50776K [0x91ac0000, 0x95dc0000, 0xa7000000)
  eden space 63488K, 75% used [0x91ac0000,0x949d65a8,0x958c0000)
  from space 2560K, 99% used [0x95b40000,0x95dbfae8,0x95dc0000)
  to   space 2560K, 0% used [0x958c0000,0x958c0000,0x95b40000)
 ParOldGen       total 42496K, used 13015K [0x67000000, 0x69980000, 0x91ac0000)
  object space 42496K, 30% used [0x67000000,0x67cb5c20,0x69980000)
 Metaspace       used 3915K, capacity 3942K, committed 3992K, reserved 4400K
GC Heap History (8 events):
Event: 2.891 GC heap before
{Heap before GC invocations=1 (full 0):
 PSYoungGen      total 18432K, used 15872K [0x91ac0000, 0x92f40000, 0xa7000000)
  eden space 15872K, 100% used [0x91ac0000,0x92a40000,0x92a40000)
  from space 2560K, 0% used [0x92cc0000,0x92cc0000,0x92f40000)
  to   space 2560K, 0% used [0x92a40000,0x92a40000,0x92cc0000)
 ParOldGen       total 42496K, used 0K [0x67000000, 0x69980000, 0x91ac0000)
  object space 42496K, 0% used [0x67000000,0x67000000,0x69980000)
 Metaspace       used 3600K, capacity 3678K, committed 3736K, reserved 4400K
Event: 3.003 GC heap after
Heap after GC invocations=1 (full 0):
 PSYoungGen      total 18432K, used 2557K [0x91ac0000, 0x93ec0000, 0xa7000000)
  eden space 15872K, 0% used [0x91ac0000,0x91ac0000,0x92a40000)
  from space 2560K, 99% used [0x92a40000,0x92cbf520,0x92cc0000)
  to   space 2560K, 0% used [0x93c40000,0x93c40000,0x93ec0000)
 ParOldGen       total 42496K, used 1476K [0x67000000, 0x69980000, 0x91ac0000)
  object space 42496K, 3% used [0x67000000,0x67171168,0x69980000)
 Metaspace       used 3600K, capacity 3678K, committed 3736K, reserved 4400K
}
Event: 4.134 GC heap before
{Heap before GC invocations=2 (full 0):
 PSYoungGen      total 18432K, used 18429K [0x91ac0000, 0x93ec0000, 0xa7000000)
  eden space 15872K, 100% used [0x91ac0000,0x92a40000,0x92a40000)
  from space 2560K, 99% used [0x92a40000,0x92cbf520,0x92cc0000)
  to   space 2560K, 0% used [0x93c40000,0x93c40000,0x93ec0000)
 ParOldGen       total 42496K, used 1476K [0x67000000, 0x69980000, 0x91ac0000)
  object space 42496K, 3% used [0x67000000,0x67171168,0x69980000)
 Metaspace       used 3722K, capacity 3774K, committed 3864K, reserved 4400K
Event: 4.158 GC heap after
Heap after GC invocations=2 (full 0):
 PSYoungGen      total 34304K, used 2553K [0x91ac0000, 0x93ec0000, 0xa7000000)
  eden space 31744K, 0% used [0x91ac0000,0x91ac0000,0x939c0000)
  from space 2560K, 99% used [0x93c40000,0x93ebe460,0x93ec0000)
  to   space 2560K, 0% used [0x939c0000,0x939c0000,0x93c40000)
 ParOldGen       total 42496K, used 3809K [0x67000000, 0x69980000, 0x91ac0000)
  object space 42496K, 8% used [0x67000000,0x673b8610,0x69980000)
 Metaspace       used 3722K, capacity 3774K, committed 3864K, reserved 4400K
}
Event: 17.656 GC heap before
{Heap before GC invocations=3 (full 0):
 PSYoungGen      total 34304K, used 34297K [0x91ac0000, 0x93ec0000, 0xa7000000)
  eden space 31744K, 100% used [0x91ac0000,0x939c0000,0x939c0000)
  from space 2560K, 99% used [0x93c40000,0x93ebe460,0x93ec0000)
  to   space 2560K, 0% used [0x939c0000,0x939c0000,0x93c40000)
 ParOldGen       total 42496K, used 3809K [0x67000000, 0x69980000, 0x91ac0000)
  object space 42496K, 8% used [0x67000000,0x673b8610,0x69980000)
 Metaspace       used 3867K, capacity 3878K, committed 3992K, reserved 4400K
Event: 18.100 GC heap after
Heap after GC invocations=3 (full 0):
 PSYoungGen      total 34304K, used 2556K [0x91ac0000, 0x95dc0000, 0xa7000000)
  eden space 31744K, 0% used [0x91ac0000,0x91ac0000,0x939c0000)
  from space 2560K, 99% used [0x939c0000,0x93c3f070,0x93c40000)
  to   space 2560K, 0% used [0x95b40000,0x95b40000,0x95dc0000)
 ParOldGen       total 42496K, used 8252K [0x67000000, 0x69980000, 0x91ac0000)
  object space 42496K, 19% used [0x67000000,0x6780f0f8,0x69980000)
 Metaspace       used 3867K, capacity 3878K, committed 3992K, reserved 4400K
}
Event: 25.137 GC heap before
{Heap before GC invocations=4 (full 0):
 PSYoungGen      total 34304K, used 34300K [0x91ac0000, 0x95dc0000, 0xa7000000)
  eden space 31744K, 100% used [0x91ac0000,0x939c0000,0x939c0000)
  from space 2560K, 99% used [0x939c0000,0x93c3f070,0x93c40000)
  to   space 2560K, 0% used [0x95b40000,0x95b40000,0x95dc0000)
 ParOldGen       total 42496K, used 8252K [0x67000000, 0x69980000, 0x91ac0000)
  object space 42496K, 19% used [0x67000000,0x6780f0f8,0x69980000)
 Metaspace       used 3889K, capacity 3910K, committed 3992K, reserved 4400K
Event: 25.154 GC heap after
Heap after GC invocations=4 (full 0):
 PSYoungGen      total 66048K, used 2558K [0x91ac0000, 0x95dc0000, 0xa7000000)
  eden space 63488K, 0% used [0x91ac0000,0x91ac0000,0x958c0000)
  from space 2560K, 99% used [0x95b40000,0x95dbfae8,0x95dc0000)
  to   space 2560K, 0% used [0x958c0000,0x958c0000,0x95b40000)
 ParOldGen       total 42496K, used 13015K [0x67000000, 0x69980000, 0x91ac0000)
  object space 42496K, 30% used [0x67000000,0x67cb5c20,0x69980000)
 Metaspace       used 3889K, capacity 3910K, committed 3992K, reserved 4400K
}

